This file contains any messages produced by compilers while
running configure, to aid debugging if configure makes a mistake.

It was created by Apertium Kazakh-Sakha configure 0.2.0, which was
generated by GNU Autoconf 2.69.  Invocation command line was

  $ ./configure --with-lang1=../apertium-kaz --with-lang2=../apertium-sah

## --------- ##
## Platform. ##
## --------- ##

hostname = MacBook-Air-User.local
uname -m = x86_64
uname -r = 15.6.0
uname -s = Darwin
uname -v = Darwin Kernel Version 15.6.0: Fri Feb 17 10:21:18 PST 2017; root:xnu-3248.60.11.4.1~1/RELEASE_X86_64

/usr/bin/uname -p = i386
/bin/uname -X     = unknown

/bin/arch              = unknown
/usr/bin/arch -k       = unknown
/usr/convex/getsysinfo = unknown
/usr/bin/hostinfo      = Mach kernel version:
	 Darwin Kernel Version 15.6.0: Fri Feb 17 10:21:18 PST 2017; root:xnu-3248.60.11.4.1~1/RELEASE_X86_64
Kernel configured for up to 2 processors.
2 processors are physically available.
2 processors are logically available.
Processor type: i486 (Intel 80486)
Processors active: 0 1
Primary memory available: 2.00 gigabytes
Default processor set: 271 tasks, 1114 threads, 2 processors
Load average: 3.42, Mach factor: 0.27
/bin/machine           = unknown
/usr/bin/oslevel       = unknown
/bin/universe          = unknown

PATH: /Library/Frameworks/Python.framework/Versions/3.5/bin
PATH: /opt/local/bin
PATH: /opt/local/sbin
PATH: /Library/Frameworks/Python.framework/Versions/3.4/bin
PATH: /usr/local/Cellar/python/2.7.9/bin
PATH: /usr/local/bin
PATH: /Library/Frameworks/Python.framework/Versions/3.4/bin
PATH: /Library/Frameworks/Python.framework/Versions/3.4/bin
PATH: /usr/bin
PATH: /bin
PATH: /usr/sbin
PATH: /sbin
PATH: /usr/local/bin
PATH: /opt/X11/bin
PATH: /Library/TeX/texbin
PATH: /usr/local/bin


## ----------- ##
## Core tests. ##
## ----------- ##

configure:1836: checking for a BSD-compatible install
configure:1904: result: /usr/bin/install -c
configure:1915: checking whether build environment is sane
configure:1970: result: yes
configure:2121: checking for a thread-safe mkdir -p
configure:2160: result: ./install-sh -c -d
configure:2167: checking for gawk
configure:2183: found /opt/local/bin/gawk
configure:2194: result: gawk
configure:2205: checking whether make sets $(MAKE)
configure:2227: result: yes
configure:2256: checking whether make supports nested variables
configure:2273: result: yes
configure:2400: checking whether ln -s works
configure:2404: result: yes
configure:2415: checking for gawk
configure:2442: result: gawk
configure:2509: checking for pkg-config
configure:2527: found /opt/local/bin/pkg-config
configure:2539: result: /opt/local/bin/pkg-config
configure:2564: checking pkg-config is at least version 0.9.0
configure:2567: result: yes
configure:2577: checking for APERTIUM
configure:2584: $PKG_CONFIG --exists --print-errors "apertium >= 3.4.0"
configure:2587: $? = 0
configure:2601: $PKG_CONFIG --exists --print-errors "apertium >= 3.4.0"
configure:2604: $? = 0
configure:2822: result: yes
configure:2830: checking for hfst-lexc
configure:2848: found /usr/local/bin/hfst-lexc
configure:2861: result: /usr/local/bin/hfst-lexc
configure:2875: checking for hfst-twolc
configure:2893: found /usr/local/bin/hfst-twolc
configure:2906: result: /usr/local/bin/hfst-twolc
configure:2920: checking for cg-comp
configure:2938: found /usr/local/bin/cg-comp
configure:2951: result: /usr/local/bin/cg-comp
configure:2965: checking for cg-proc
configure:2983: found /usr/local/bin/cg-proc
configure:2996: result: /usr/local/bin/cg-proc
configure:3010: checking for lrx-comp
configure:3028: found /usr/local/bin/lrx-comp
configure:3041: result: /usr/local/bin/lrx-comp
configure:3055: checking for lrx-proc
configure:3073: found /usr/local/bin/lrx-proc
configure:3086: result: /usr/local/bin/lrx-proc
configure:3102: checking for gzcat
configure:3120: found /usr/bin/gzcat
configure:3132: result: /usr/bin/gzcat
configure:3599: checking that generated files are newer than configure
configure:3605: result: done
configure:3613: creating ./config.status

## ---------------------- ##
## Running config.status. ##
## ---------------------- ##

This file was extended by Apertium Kazakh-Sakha config.status 0.2.0, which was
generated by GNU Autoconf 2.69.  Invocation command line was

  CONFIG_FILES    = 
  CONFIG_HEADERS  = 
  CONFIG_LINKS    = 
  CONFIG_COMMANDS = 
  $ ./config.status 

on MacBook-Air-User.local

config.status:793: creating Makefile

## ---------------- ##
## Cache variables. ##
## ---------------- ##

ac_cv_env_APERTIUM_CFLAGS_set=
ac_cv_env_APERTIUM_CFLAGS_value=
ac_cv_env_APERTIUM_KAZ_CFLAGS_set=
ac_cv_env_APERTIUM_KAZ_CFLAGS_value=
ac_cv_env_APERTIUM_KAZ_LIBS_set=
ac_cv_env_APERTIUM_KAZ_LIBS_value=
ac_cv_env_APERTIUM_LIBS_set=
ac_cv_env_APERTIUM_LIBS_value=
ac_cv_env_APERTIUM_SAH_CFLAGS_set=
ac_cv_env_APERTIUM_SAH_CFLAGS_value=
ac_cv_env_APERTIUM_SAH_LIBS_set=
ac_cv_env_APERTIUM_SAH_LIBS_value=
ac_cv_env_AP_LIB1_set=
ac_cv_env_AP_LIB1_value=
ac_cv_env_AP_LIB2_set=
ac_cv_env_AP_LIB2_value=
ac_cv_env_AP_SRC1_set=
ac_cv_env_AP_SRC1_value=
ac_cv_env_AP_SRC2_set=
ac_cv_env_AP_SRC2_value=
ac_cv_env_AP_SUBDIRS_set=
ac_cv_env_AP_SUBDIRS_value=
ac_cv_env_PKG_CONFIG_LIBDIR_set=
ac_cv_env_PKG_CONFIG_LIBDIR_value=
ac_cv_env_PKG_CONFIG_PATH_set=set
ac_cv_env_PKG_CONFIG_PATH_value=:/usr/local/share/pkgconfig:/usr/local/lib/pkgconfig
ac_cv_env_PKG_CONFIG_set=
ac_cv_env_PKG_CONFIG_value=
ac_cv_env_build_alias_set=
ac_cv_env_build_alias_value=
ac_cv_env_host_alias_set=
ac_cv_env_host_alias_value=
ac_cv_env_target_alias_set=
ac_cv_env_target_alias_value=
ac_cv_path_CGCOMP=/usr/local/bin/cg-comp
ac_cv_path_CGPROC=/usr/local/bin/cg-proc
ac_cv_path_HFSTLEXC=/usr/local/bin/hfst-lexc
ac_cv_path_HFSTTWOLC=/usr/local/bin/hfst-twolc
ac_cv_path_LRXCOMP=/usr/local/bin/lrx-comp
ac_cv_path_LRXPROC=/usr/local/bin/lrx-proc
ac_cv_path_ZCAT=/usr/bin/gzcat
ac_cv_path_ac_pt_PKG_CONFIG=/opt/local/bin/pkg-config
ac_cv_path_install='/usr/bin/install -c'
ac_cv_prog_AWK=gawk
ac_cv_prog_make_make_set=yes
am_cv_make_support_nested_variables=yes
pkg_cv_APERTIUM_CFLAGS='-I/usr/local/include/apertium-3.4 -I/usr/local/lib/apertium-3.4/include -I/usr/local/include/lttoolbox-3.3 -I/usr/local/lib/lttoolbox-3.3/include -I/opt/local/include/libxml2 -I/opt/local/include'
pkg_cv_APERTIUM_LIBS='-L/usr/local/lib -L/opt/local/lib -lapertium3 -llttoolbox3 -lxml2 -lpcre'

## ----------------- ##
## Output variables. ##
## ----------------- ##

ACLOCAL='${SHELL} /Users/varie/Documents/apertium/gsoc/sah-kaz/apertium-kaz-sah/missing aclocal-1.15'
AMTAR='$${TAR-tar}'
AM_BACKSLASH='\'
AM_DEFAULT_V='$(AM_DEFAULT_VERBOSITY)'
AM_DEFAULT_VERBOSITY='1'
AM_V='$(V)'
APERTIUM_CFLAGS='-I/usr/local/include/apertium-3.4 -I/usr/local/lib/apertium-3.4/include -I/usr/local/include/lttoolbox-3.3 -I/usr/local/lib/lttoolbox-3.3/include -I/opt/local/include/libxml2 -I/opt/local/include'
APERTIUM_KAZ_CFLAGS=''
APERTIUM_KAZ_LIBS=''
APERTIUM_LIBS='-L/usr/local/lib -L/opt/local/lib -lapertium3 -llttoolbox3 -lxml2 -lpcre'
APERTIUM_SAH_CFLAGS=''
APERTIUM_SAH_LIBS=''
AP_LIB1='../apertium-kaz'
AP_LIB2='../apertium-sah'
AP_SRC1='../apertium-kaz'
AP_SRC2='../apertium-sah'
AP_SUBDIRS=' ../apertium-kaz ../apertium-sah'
AUTOCONF='${SHELL} /Users/varie/Documents/apertium/gsoc/sah-kaz/apertium-kaz-sah/missing autoconf'
AUTOHEADER='${SHELL} /Users/varie/Documents/apertium/gsoc/sah-kaz/apertium-kaz-sah/missing autoheader'
AUTOMAKE='${SHELL} /Users/varie/Documents/apertium/gsoc/sah-kaz/apertium-kaz-sah/missing automake-1.15'
AWK='gawk'
CGCOMP='/usr/local/bin/cg-comp'
CGPROC='/usr/local/bin/cg-proc'
CYGPATH_W='echo'
DEFS='-DPACKAGE_NAME=\"Apertium\ Kazakh-Sakha\" -DPACKAGE_TARNAME=\"apertium-kaz-sah\" -DPACKAGE_VERSION=\"0.2.0\" -DPACKAGE_STRING=\"Apertium\ Kazakh-Sakha\ 0.2.0\" -DPACKAGE_BUGREPORT=\"despairchasm@gmail.com\" -DPACKAGE_URL=\"http://wiki.apertium.org/wiki/Apertium-kaz-sah\" -DPACKAGE=\"apertium-kaz-sah\" -DVERSION=\"0.2.0\"'
ECHO_C='\c'
ECHO_N=''
ECHO_T=''
HFSTLEXC='/usr/local/bin/hfst-lexc'
HFSTTWOLC='/usr/local/bin/hfst-twolc'
INSTALL_DATA='${INSTALL} -m 644'
INSTALL_PROGRAM='${INSTALL}'
INSTALL_SCRIPT='${INSTALL}'
INSTALL_STRIP_PROGRAM='$(install_sh) -c -s'
LIBOBJS=''
LIBS=''
LN_S='ln -s'
LRXCOMP='/usr/local/bin/lrx-comp'
LRXPROC='/usr/local/bin/lrx-proc'
LTLIBOBJS=''
MAKEINFO='${SHELL} /Users/varie/Documents/apertium/gsoc/sah-kaz/apertium-kaz-sah/missing makeinfo'
MKDIR_P='./install-sh -c -d'
PACKAGE='apertium-kaz-sah'
PACKAGE_BUGREPORT='despairchasm@gmail.com'
PACKAGE_NAME='Apertium Kazakh-Sakha'
PACKAGE_STRING='Apertium Kazakh-Sakha 0.2.0'
PACKAGE_TARNAME='apertium-kaz-sah'
PACKAGE_URL='http://wiki.apertium.org/wiki/Apertium-kaz-sah'
PACKAGE_VERSION='0.2.0'
PATH_SEPARATOR=':'
PKG_CONFIG='/opt/local/bin/pkg-config'
PKG_CONFIG_LIBDIR=''
PKG_CONFIG_PATH=':/usr/local/share/pkgconfig:/usr/local/lib/pkgconfig'
SET_MAKE=''
SHELL='/bin/sh'
STRIP=''
VERSION='0.2.0'
ZCAT='/usr/bin/gzcat'
am__isrc=''
am__leading_dot='.'
am__tar='$${TAR-tar} chof - "$$tardir"'
am__untar='$${TAR-tar} xf -'
bindir='${exec_prefix}/bin'
build_alias=''
datadir='${datarootdir}'
datarootdir='${prefix}/share'
docdir='${datarootdir}/doc/${PACKAGE_TARNAME}'
dvidir='${docdir}'
exec_prefix='${prefix}'
host_alias=''
htmldir='${docdir}'
includedir='${prefix}/include'
infodir='${datarootdir}/info'
install_sh='${SHELL} /Users/varie/Documents/apertium/gsoc/sah-kaz/apertium-kaz-sah/install-sh'
libdir='${exec_prefix}/lib'
libexecdir='${exec_prefix}/libexec'
localedir='${datarootdir}/locale'
localstatedir='${prefix}/var'
mandir='${datarootdir}/man'
mkdir_p='$(MKDIR_P)'
oldincludedir='/usr/include'
pdfdir='${docdir}'
prefix='/usr/local'
program_transform_name='s,x,x,'
psdir='${docdir}'
sbindir='${exec_prefix}/sbin'
sharedstatedir='${prefix}/com'
sysconfdir='${prefix}/etc'
target_alias=''

## ------------------- ##
## File substitutions. ##
## ------------------- ##

ap_include='./ap_include.am'

## ----------- ##
## confdefs.h. ##
## ----------- ##

/* confdefs.h */
#define PACKAGE_NAME "Apertium Kazakh-Sakha"
#define PACKAGE_TARNAME "apertium-kaz-sah"
#define PACKAGE_VERSION "0.2.0"
#define PACKAGE_STRING "Apertium Kazakh-Sakha 0.2.0"
#define PACKAGE_BUGREPORT "despairchasm@gmail.com"
#define PACKAGE_URL "http://wiki.apertium.org/wiki/Apertium-kaz-sah"
#define PACKAGE "apertium-kaz-sah"
#define VERSION "0.2.0"

configure: exit 0
